
> client@0.0.0 dev
> vite


  VITE v5.4.21  ready in 272 ms

  ➜  Local:   http://localhost:5173/
  ➜  Network: use --host to expose
5:08:29 PM [vite] http proxy error: /api/rooms
AggregateError [ECONNREFUSED]:
    at internalConnectMultiple (node:net:1134:18)
    at afterConnectMultiple (node:net:1715:7)
5:08:29 PM [vite] http proxy error: /api/config
AggregateError [ECONNREFUSED]:
    at internalConnectMultiple (node:net:1134:18)
    at afterConnectMultiple (node:net:1715:7)
5:08:29 PM [vite] http proxy error: /api/rooms
AggregateError [ECONNREFUSED]:
    at internalConnectMultiple (node:net:1134:18)
    at afterConnectMultiple (node:net:1715:7)
5:08:29 PM [vite] http proxy error: /api/config
AggregateError [ECONNREFUSED]:
    at internalConnectMultiple (node:net:1134:18)
    at afterConnectMultiple (node:net:1715:7)
